Picked up JAVA_TOOL_OPTIONS: -Dstdout.encoding=UTF-8 -Dstderr.encoding=UTF-8

  .   ____          _            __ _ _
 /\\ / ___'_ __ _ _(_)_ __  __ _ \ \ \ \
( ( )\___ | '_ | '_| | '_ \/ _` | \ \ \ \
 \\/  ___)| |_)| | | | | || (_| |  ) ) ) )
  '  |____| .__|_| |_|_| |_\__, | / / / /
 =========|_|==============|___/=/_/_/_/
 :: Spring Boot ::                (v3.2.6)

2026-06-13T11:39:46.115+07:00  INFO 23232 --- [           main] com.tugas.web.WebApplication             : Starting WebApplication v0.0.1-SNAPSHOT using Java 25.0.2 with PID 23232 (C:\TUGAS\TUGAS ALGO\tugas besar\web\target\web-0.0.1-SNAPSHOT.jar started by LENOVO in c:\TUGAS\TUGAS ALGO\tugas besar\web)
2026-06-13T11:39:46.117+07:00  INFO 23232 --- [           main] com.tugas.web.WebApplication             : No active profile set, falling back to 1 default profile: "default"
WARNING: A restricted method in java.lang.System has been called
WARNING: java.lang.System::load has been called by org.apache.tomcat.jni.Library in an unnamed module (jar:nested:/C:/TUGAS/TUGAS%20ALGO/tugas%20besar/web/target/web-0.0.1-SNAPSHOT.jar/!BOOT-INF/lib/tomcat-embed-core-10.1.24.jar!/)
WARNING: Use --enable-native-access=ALL-UNNAMED to avoid a warning for callers in this module
WARNING: Restricted methods will be blocked in a future release unless native access is enabled

2026-06-13T11:39:46.971+07:00  INFO 23232 --- [           main] o.s.b.w.embedded.tomcat.TomcatWebServer  : Tomcat initialized with port 8081 (http)
2026-06-13T11:39:46.983+07:00  INFO 23232 --- [           main] o.apache.catalina.core.StandardService   : Starting service [Tomcat]
2026-06-13T11:39:46.984+07:00  INFO 23232 --- [           main] o.apache.catalina.core.StandardEngine    : Starting Servlet engine: [Apache Tomcat/10.1.24]
2026-06-13T11:39:47.018+07:00  INFO 23232 --- [           main] o.a.c.c.C.[Tomcat].[localhost].[/]       : Initializing Spring embedded WebApplicationContext
2026-06-13T11:39:47.018+07:00  INFO 23232 --- [           main] w.s.c.ServletWebServerApplicationContext : Root WebApplicationContext: initialization completed in 829 ms
2026-06-13T11:39:47.366+07:00  INFO 23232 --- [           main] o.s.b.w.embedded.tomcat.TomcatWebServer  : Tomcat started on port 8081 (http) with context path ''
2026-06-13T11:39:47.380+07:00  INFO 23232 --- [           main] com.tugas.web.WebApplication             : Started WebApplication in 1.656 seconds (process running for 2.001)
2026-06-13T11:43:03.310+07:00  INFO 23232 --- [nio-8081-exec-1] o.a.c.c.C.[Tomcat].[localhost].[/]       : Initializing Spring DispatcherServlet 'dispatcherServlet'
2026-06-13T11:43:03.311+07:00  INFO 23232 --- [nio-8081-exec-1] o.s.web.servlet.DispatcherServlet        : Initializing Servlet 'dispatcherServlet'
2026-06-13T11:43:03.312+07:00  INFO 23232 --- [nio-8081-exec-1] o.s.web.servlet.DispatcherServlet        : Completed initialization in 1 ms
