Picked up JAVA_TOOL_OPTIONS: -Dstdout.encoding=UTF-8 -Dstderr.encoding=UTF-8

  .   ____          _            __ _ _
 /\\ / ___'_ __ _ _(_)_ __  __ _ \ \ \ \
( ( )\___ | '_ | '_| | '_ \/ _` | \ \ \ \
 \\/  ___)| |_)| | | | | || (_| |  ) ) ) )
  '  |____| .__|_| |_|_| |_\__, | / / / /
 =========|_|==============|___/=/_/_/_/
 :: Spring Boot ::                (v3.2.6)

2026-06-13T11:43:00.985+07:00  INFO 27184 --- [           main] com.tugas.web.WebApplication             : Starting WebApplication v0.0.1-SNAPSHOT using Java 25.0.2 with PID 27184 (C:\TUGAS\TUGAS ALGO\tugas besar\web\target\web-0.0.1-SNAPSHOT.jar started by LENOVO in c:\TUGAS\TUGAS ALGO\tugas besar\web)
2026-06-13T11:43:00.989+07:00  INFO 27184 --- [           main] com.tugas.web.WebApplication             : No active profile set, falling back to 1 default profile: "default"
WARNING: A restricted method in java.lang.System has been called
WARNING: java.lang.System::load has been called by org.apache.tomcat.jni.Library in an unnamed module (jar:nested:/C:/TUGAS/TUGAS%20ALGO/tugas%20besar/web/target/web-0.0.1-SNAPSHOT.jar/!BOOT-INF/lib/tomcat-embed-core-10.1.24.jar!/)
WARNING: Use --enable-native-access=ALL-UNNAMED to avoid a warning for callers in this module
WARNING: Restricted methods will be blocked in a future release unless native access is enabled

2026-06-13T11:43:01.987+07:00  INFO 27184 --- [           main] o.s.b.w.embedded.tomcat.TomcatWebServer  : Tomcat initialized with port 8080 (http)
2026-06-13T11:43:02.000+07:00  INFO 27184 --- [           main] o.apache.catalina.core.StandardService   : Starting service [Tomcat]
2026-06-13T11:43:02.000+07:00  INFO 27184 --- [           main] o.apache.catalina.core.StandardEngine    : Starting Servlet engine: [Apache Tomcat/10.1.24]
2026-06-13T11:43:02.038+07:00  INFO 27184 --- [           main] o.a.c.c.C.[Tomcat].[localhost].[/]       : Initializing Spring embedded WebApplicationContext
2026-06-13T11:43:02.039+07:00  INFO 27184 --- [           main] w.s.c.ServletWebServerApplicationContext : Root WebApplicationContext: initialization completed in 964 ms
2026-06-13T11:43:02.412+07:00  WARN 27184 --- [           main] ConfigServletWebServerApplicationContext : Exception encountered during context initialization - cancelling refresh attempt: org.springframework.context.ApplicationContextException: Failed to start bean 'webServerStartStop'
2026-06-13T11:43:02.425+07:00  INFO 27184 --- [           main] .s.b.a.l.ConditionEvaluationReportLogger : 

Error starting ApplicationContext. To display the condition evaluation report re-run your application with 'debug' enabled.
2026-06-13T11:43:02.441+07:00 ERROR 27184 --- [           main] o.s.b.d.LoggingFailureAnalysisReporter   : 

***************************
APPLICATION FAILED TO START
***************************

Description:

Web server failed to start. Port 8080 was already in use.

Action:

Identify and stop the process that's listening on port 8080 or configure this application to listen on another port.

